DATABASE_URL: postgresql://neondb_owner:npg_QvgM12maSVyu@ep-fragrant-cell-aeeukcvx-pooler.c-2.us-east-2.aws.neon.tech/neondb?sslmode=require&channel_binding=require
Dropped transactions_email_key constraint if it existed
Database connected and table created successfully.
Server is running on port 5002
[API] POST /api/transactions
createTransaction: body= {
  user_id: 'user_31NdscfUDs43JpY1bHEisP46jBf',
  amount: '-456700.00',
  category: 'Food & Drinks',
  email: 'abrahamajetomobi@gmail.com',
  title: 'food'
}
Transaction created successfully: [
  {
    id: 20,
    user_id: 'user_31NdscfUDs43JpY1bHEisP46jBf',
    email: 'abrahamajetomobi@gmail.com',
    title: 'food',
    amount: '-456700.00',
    category: 'Food & Drinks',
    created_at: 2025-08-18T23:00:00.000Z
  }
]
